[03-Aug-2023 11:07:18] NOTICE: fpm is running, pid 4664
[03-Aug-2023 11:07:18] NOTICE: ready to handle connections
[08-Aug-2023 10:02:37] NOTICE: Terminating ...
[08-Aug-2023 10:02:37] NOTICE: Terminating ...
[08-Aug-2023 10:02:37] NOTICE: exiting, bye-bye!
[08-Aug-2023 10:10:32] NOTICE: fpm is running, pid 5147
[08-Aug-2023 10:10:32] NOTICE: ready to handle connections
[20-Aug-2023 00:55:19] NOTICE: Terminating ...
[20-Aug-2023 00:55:19] NOTICE: Terminating ...
[20-Aug-2023 00:55:19] NOTICE: exiting, bye-bye!
[21-Aug-2023 12:19:27] NOTICE: fpm is running, pid 20760
[21-Aug-2023 12:19:27] NOTICE: ready to handle connections
[21-Aug-2023 12:20:21] NOTICE: Terminating ...
[21-Aug-2023 12:20:21] NOTICE: Terminating ...
[21-Aug-2023 12:20:21] NOTICE: exiting, bye-bye!
[21-Aug-2023 12:20:26] NOTICE: fpm is running, pid 20895
[21-Aug-2023 12:20:26] NOTICE: ready to handle connections
[21-Aug-2023 15:30:28] NOTICE: Terminating ...
[21-Aug-2023 15:30:28] NOTICE: Terminating ...
[21-Aug-2023 15:30:28] NOTICE: exiting, bye-bye!
[21-Aug-2023 15:30:55] NOTICE: fpm is running, pid 35007
[21-Aug-2023 15:30:55] NOTICE: ready to handle connections
[21-Aug-2023 15:38:38] NOTICE: Terminating ...
[21-Aug-2023 15:38:38] NOTICE: Terminating ...
[21-Aug-2023 15:38:38] NOTICE: exiting, bye-bye!
[21-Aug-2023 15:38:40] NOTICE: fpm is running, pid 35799
[21-Aug-2023 15:38:40] NOTICE: ready to handle connections
[22-Aug-2023 14:58:23] NOTICE: Terminating ...
[22-Aug-2023 14:58:23] NOTICE: Terminating ...
[22-Aug-2023 14:58:23] NOTICE: exiting, bye-bye!
[22-Aug-2023 14:58:29] NOTICE: fpm is running, pid 66264
[22-Aug-2023 14:58:29] NOTICE: ready to handle connections
[24-Aug-2023 11:53:24] NOTICE: Terminating ...
[24-Aug-2023 11:53:24] NOTICE: Terminating ...
[24-Aug-2023 11:53:24] NOTICE: exiting, bye-bye!
[24-Aug-2023 11:53:26] NOTICE: fpm is running, pid 11980
[24-Aug-2023 11:53:26] NOTICE: ready to handle connections
[24-Aug-2023 17:06:15] NOTICE: Terminating ...
[24-Aug-2023 17:06:15] NOTICE: Terminating ...
[24-Aug-2023 17:06:15] NOTICE: exiting, bye-bye!
[24-Aug-2023 17:06:34] NOTICE: fpm is running, pid 35333
[24-Aug-2023 17:06:34] NOTICE: ready to handle connections
[24-Aug-2023 19:01:30] NOTICE: Terminating ...
[24-Aug-2023 19:01:30] NOTICE: Terminating ...
[24-Aug-2023 19:01:30] NOTICE: exiting, bye-bye!
[29-Aug-2023 10:50:15] NOTICE: fpm is running, pid 71315
[29-Aug-2023 10:50:15] NOTICE: ready to handle connections
[12-Sep-2023 11:12:02] NOTICE: Terminating ...
[12-Sep-2023 11:12:02] NOTICE: Terminating ...
[12-Sep-2023 11:12:02] NOTICE: exiting, bye-bye!
[12-Sep-2023 11:12:04] NOTICE: fpm is running, pid 53145
[12-Sep-2023 11:12:04] NOTICE: ready to handle connections
[12-Sep-2023 20:55:56] NOTICE: Terminating ...
[12-Sep-2023 20:55:56] NOTICE: Terminating ...
[12-Sep-2023 20:55:56] NOTICE: exiting, bye-bye!
[13-Sep-2023 12:55:34] NOTICE: fpm is running, pid 99611
[13-Sep-2023 12:55:34] NOTICE: ready to handle connections
[13-Sep-2023 19:21:51] NOTICE: Terminating ...
[13-Sep-2023 19:21:51] NOTICE: Terminating ...
[13-Sep-2023 19:21:51] NOTICE: exiting, bye-bye!
[14-Sep-2023 13:40:45] NOTICE: fpm is running, pid 23435
[14-Sep-2023 13:40:45] NOTICE: ready to handle connections
